<?xml version="1.0" encoding="UTF-8"?>
<!-- Generated by org.testng.reporters.JUnitReportReporter -->
<testsuite hostname="DESKTOP-1H1R9GO" failures="0" tests="1" name="practice.AddToCartTest" time="0.026" errors="0" timestamp="2022-09-13T22:52:32 IST" skipped="0">
  <testcase classname="practice.AddToCartTest" name="RemoveFromCartTest" time="0.026"/>
  <system-out/>
</testsuite> <!-- practice.AddToCartTest -->
