<?xml version="1.0" encoding="UTF-8"?>
<!-- Generated by org.testng.reporters.JUnitReportReporter -->
<testsuite hostname="DESKTOP-1H1R9GO" failures="0" tests="2" name="practice.AddToCartTest" time="0.025" errors="0" timestamp="2022-09-14T07:26:23 IST" skipped="0">
  <testcase classname="practice.AddToCartTest" name="RemoveFromCartTest" time="0.020"/>
  <system-out/>
  <testcase classname="practice.AddToCartTest" name="addToCartTest" time="0.005"/>
  <system-out/>
</testsuite> <!-- practice.AddToCartTest -->
